C51 COMPILER V9.60.7.0   MAIN                                                              10/11/2023 17:37:32 PAGE 1   


C51 COMPILER V9.60.7.0, COMPILATION OF MODULE MAIN
OBJECT MODULE PLACED IN .\Objects\main.obj
COMPILER INVOKED BY: F:\Keil5\C51\BIN\C51.EXE main.c OPTIMIZE(8,SPEED) BROWSE INCDIR(.\HARDWARE) DEBUG OBJECTEXTEND PRIN
                    -T(.\Listings\main.lst) OBJECT(.\Objects\main.obj)

line level    source

   1          #include <REGX52.H>
   2          #include <INTRINS.h>
   3          
   4          sbit RS = P2^0;
   5          sbit RW = P2^1;
   6          sbit EN = P1^2;
   7          
   8          #define LCD_DataPort P0
   9          
  10          unsigned int Count;
  11          
  12          void Timer0Init(void)           //100微秒@12.000MHz
  13          {
  14   1              TMOD &= 0xF0;           //设置定时器模式
  15   1              TH0=(65535-1000)/256;
  16   1              TL0=(65535-1000)%256;
  17   1              TF0 = 0;                //清除TF0标志
  18   1              TR0 = 1;                //定时器0开始计时
  19   1              ET0 = 1;
  20   1              EA = 1;
  21   1      }
  22          
  23          void Delay1ms()         //@11.0592MHz
  24          {
  25   1              unsigned char i, j;
  26   1      
  27   1              i = 2;
  28   1              j = 239;
  29   1              do
  30   1              {
  31   2                      while (--j);
  32   2              } while (--i);
  33   1      }
  34          
  35          void Delay5ms()         //@11.0592MHz
  36          {
  37   1              unsigned char i, j;
  38   1      
  39   1              i = 54;
  40   1              j = 199;
  41   1              do
  42   1              {
  43   2                      while (--j);
  44   2              } while (--i);
  45   1      }
  46          
  47          void Delay15ms()                //@11.0592MHz
  48          {
  49   1              unsigned char i, j;
  50   1      
  51   1              i = 162;
  52   1              j = 91;
  53   1              do
  54   1              {
C51 COMPILER V9.60.7.0   MAIN                                                              10/11/2023 17:37:32 PAGE 2   

  55   2                      while (--j);
  56   2              } while (--i);
  57   1      }
  58          
  59          
  60          unsigned char LCD1602_ReadCommand(void)
  61          {
  62   1              unsigned char a;
  63   1              RS = 0;
  64   1              RW = 1;
  65   1              EN = 0;
  66   1              Delay1ms();
  67   1              EN = 1;
  68   1              Delay1ms();
  69   1              a = LCD_DataPort;
  70   1              Delay1ms();
  71   1              EN = 0;
  72   1              Delay1ms();
  73   1              return a;
  74   1      }
  75          
  76          unsigned char LCD1602_ReadData(void)
  77          {
  78   1              unsigned char a;
  79   1              RS = 1;
  80   1              RW = 1;
  81   1              EN = 0;
  82   1              Delay1ms();
  83   1              EN = 1;
  84   1              Delay1ms();
  85   1              a = LCD_DataPort;
  86   1              Delay1ms();
  87   1              EN = 0;
  88   1              Delay1ms();
  89   1              return a;
  90   1      }
  91          
  92          void LCD1602_WriteCommand(unsigned char a)
  93          {
  94   1              RS = 0;
  95   1              RW = 0;
  96   1              EN = 0;
  97   1              LCD_DataPort = a;
  98   1              Delay1ms();
  99   1              EN = 1;
 100   1              Delay1ms();
 101   1              EN = 0;
 102   1              Delay1ms();
 103   1      }
 104          
 105          void LCD1602_WriteData(unsigned char a)
 106          {
 107   1              RS = 1;
 108   1              RW = 0;
 109   1              EN = 0;
 110   1              LCD_DataPort = a;
 111   1              Delay1ms();
 112   1              EN = 1;
 113   1              Delay1ms();
 114   1              EN = 0;
 115   1              Delay1ms();
 116   1      }
C51 COMPILER V9.60.7.0   MAIN                                                              10/11/2023 17:37:32 PAGE 3   

 117          
 118          void LCD1602_Busy_Check()
 119          {
 120   1              unsigned int tmp;
 121   1              tmp = LCD1602_ReadData();
 122   1              while(tmp&0x80);
 123   1      }
 124          
 125          void LCD1602_Init()
 126          {               
 127   1              Delay15ms();
 128   1              LCD1602_WriteCommand(0x38);
 129   1              Delay5ms();
 130   1              LCD1602_WriteCommand(0x38);
 131   1              Delay5ms();
 132   1              LCD1602_WriteCommand(0x38);
 133   1              LCD1602_Busy_Check();
 134   1              LCD1602_WriteCommand(0x38);
 135   1              LCD1602_Busy_Check();
 136   1              LCD1602_WriteCommand(0x0c);
 137   1              LCD1602_Busy_Check();
 138   1              LCD1602_WriteCommand(0x06);
 139   1              LCD1602_Busy_Check();
 140   1              LCD1602_WriteCommand(0x01);
 141   1      }
 142          
 143          void LCD_SetCursor(unsigned char Line,unsigned char Column)
 144          {
 145   1              if(Line==1)
 146   1              {
 147   2                      LCD1602_WriteCommand(0x80|(Column-1));
 148   2              }
 149   1              else if(Line==2)
 150   1              {
 151   2                      LCD1602_WriteCommand(0x80|(Column-1+0x40));
 152   2              }
 153   1      }
 154          
 155          void LCD_ShowString(unsigned char Line,unsigned char Column,char *String)
 156          {
 157   1              unsigned char i;
 158   1              LCD1602_Busy_Check();
 159   1              LCD_SetCursor(Line,Column);
 160   1              for(i=0;String[i]!='\0';i++)
 161   1              {
 162   2                      LCD1602_WriteData(String[i]);
 163   2              }
 164   1      }
 165          
 166          void main()
 167          {
 168   1              Timer0Init();
 169   1              LCD1602_Init();
 170   1              
 171   1              while(1)
 172   1              {
 173   2                      LCD_ShowString(1, 1, "ASDFGHJKLZXCVBNM");
 174   2                      LCD_ShowString(2, 6, "123");
 175   2      //              LCD1602_Busy_Check();
 176   2      //              LCD1602_WriteCommand(0x80);
 177   2      //              LCD1602_WriteData(0x31);
 178   2                      if(Count>=1000)
C51 COMPILER V9.60.7.0   MAIN                                                              10/11/2023 17:37:32 PAGE 4   

 179   2                      {
 180   3              //              LCD1602_WriteCommand(0x18);
 181   3                              LCD1602_Busy_Check();
 182   3                              LCD1602_WriteCommand(0x1C);
 183   3                              Count=0;
 184   3                      }
 185   2              }
 186   1      }
 187          
 188          void service_timer0() interrupt 1
 189          {
 190   1              TH0=(65535-1000)/256;
 191   1              TL0=(65535-1000)%256;
 192   1              Count++;
 193   1      }


MODULE INFORMATION:   STATIC OVERLAYABLE
   CODE SIZE        =    326    ----
   CONSTANT SIZE    =     21    ----
   XDATA SIZE       =   ----    ----
   PDATA SIZE       =   ----    ----
   DATA SIZE        =      2       4
   IDATA SIZE       =   ----    ----
   BIT SIZE         =   ----    ----
END OF MODULE INFORMATION.


C51 COMPILATION COMPLETE.  0 WARNING(S),  0 ERROR(S)
